Sjasm Z80 Assembler v0.42c - www.xl2s.tk             [2022.06.12 - 07:24:35]

src/world0.asm
Errors: 0

       1   00:0000                              output "world0.bin"
       2   00:D000                      
       3   00:D000  FE                      db   #fe               ; ID archivo binario, siempre hay que poner el mismo 0FEh
       4   00:D001  00 D0                   dw   INICIO            ; dirección de inicio
       5   00:D003  E0 D2                   dw   FINAL - 1         ; dirección final
       6   00:D005  00 D0                   dw   INICIO             ; dircción del programa de ejecución (para cuando pongas r en bload"nombre_programa", r)
       7   00:D007                      
       8   00:D007                          org #d000 ; o 57344, org se utiliza para decirle al z80 en que posición de memoria RAM empieza nuestro programa en ensamblador
       9   00:D000                      
      10   00:D000                      INICIO:
      11   00:D000  C9                      ret ; el ret es necesario para que vuelva al basic
      12   00:D001                      level0:
      13   00:D001                          db -1,-1,-1,5,6,-1,-1,8,9,-1,-1,-1,-1,-1,-1,-1,-1,-1,5,6,-1,-1,-1,-1,-1,-1,-1,-1,-1,-1,-1,-1
      13   00:D001  FF FF FF 05 06 FF FF 08 09 FF FF FF FF FF FF FF 
      13   00:D011  FF FF 05 06 FF FF FF FF FF FF FF FF FF FF FF FF 
      14   00:D021                          db -1,-1,-1,37,38,-1,-1,40,41,-1,-1,-1,-1,-1,-1,-1,-1,-1,37,38,-1,-1,39,-1,-1,-1,-1,-1,-1,-1,100,101
      14   00:D021  FF FF FF 25 26 FF FF 28 29 FF FF FF FF FF FF FF 
      14   00:D031  FF FF 25 26 FF FF 27 FF FF FF FF FF FF FF 64 65 
      15   00:D041                          db -1,-1,-1,37,38,3,4,-1,-1,-1,-1,-1,-1,-1,-1,-1,3,4,37,38,-1,-1,-1,-1,0,1,-1,-1,-1,-1,132,133
      15   00:D041  FF FF FF 25 26 03 04 FF FF FF FF FF FF FF FF FF 
      15   00:D051  03 04 25 26 FF FF FF FF 00 01 FF FF FF FF 84 85 
      16   00:D061                          db -1,-1,-1,37,38,35,36,-1,-1,-1,-1,-1,-1,-1,-1,-1,35,36,37,38,-1,-1,-1,-1,32,33,-1,-1,-1,-1,164,165
      16   00:D061  FF FF FF 25 26 23 24 FF FF FF FF FF FF FF FF FF 
      16   00:D071  23 24 25 26 FF FF FF FF 20 21 FF FF FF FF A4 A5 
      17   00:D081                          db 224,224,225,225,225,192,193,225,225,225,225,225,225,225,225,225,225,225,225,225,192,193,225,225,225,225,225,225,225,225,225,225
      17   00:D081  E0 E0 E1 E1 E1 C0 C1 E1 E1 E1 E1 E1 E1 E1 E1 E1 
      17   00:D091  E1 E1 E1 E1 C0 C1 E1 E1 E1 E1 E1 E1 E1 E1 E1 E1 
      18   00:D0A1                          db -1,-1,-1,-1,-1,192,193,5,6,-1,-1,-1,8,9,-1,-1,-1,-1,-1,-1,192,193,-1,-1,5,6,-1,-1,-1,-1,-1,-1
      18   00:D0A1  FF FF FF FF FF C0 C1 05 06 FF FF FF 08 09 FF FF 
      18   00:D0B1  FF FF FF FF C0 C1 FF FF 05 06 FF FF FF FF FF FF 
      19   00:D0C1                          db -1,-1,-1,-1,-1,192,193,37,38,-1,-1,-1,40,41,-1,-1,-1,-1,-1,-1,192,193,-1,-1,37,38,-1,-1,-1,-1,-1,-1
      19   00:D0C1  FF FF FF FF FF C0 C1 25 26 FF FF FF 28 29 FF FF 
      19   00:D0D1  FF FF FF FF C0 C1 FF FF 25 26 FF FF FF FF FF FF 
      20   00:D0E1                          db -1,-1,-1,-1,-1,192,193,37,38,-1,-1,-1,-1,-1,-1,-1,39,-1,-1,-1,192,193,-1,-1,37,38,-1,-1,-1,-1,-1,-1
      20   00:D0E1  FF FF FF FF FF C0 C1 25 26 FF FF FF FF FF FF FF 
      20   00:D0F1  27 FF FF FF C0 C1 FF FF 25 26 FF FF FF FF FF FF 
      21   00:D101                          db -1,3,4,-1,-1,192,193,37,38,-1,-1,-1,-1,-1,-1,-1,-1,-1,-1,-1,192,193,-1,-1,37,38,-1,-1,-1,-1,3,4
      21   00:D101  FF 03 04 FF FF C0 C1 25 26 FF FF FF FF FF FF FF 
      21   00:D111  FF FF FF FF C0 C1 FF FF 25 26 FF FF FF FF 03 04 
      22   00:D121                          db -1,35,36,-1,-1,192,193,37,38,-1,-1,-1,-1,-1,-1,-1,-1,-1,-1,-1,192,193,-1,-1,37,38,-1,-1,-1,-1,35,36
      22   00:D121  FF 23 24 FF FF C0 C1 25 26 FF FF FF FF FF FF FF 
      22   00:D131  FF FF FF FF C0 C1 FF FF 25 26 FF FF FF FF 23 24 
      23   00:D141                          db 224,224,224,224,224,224,224,224,224,224,192,193,224,224,224,224,224,224,224,224,224,224,224,224,224,224,224,224,224,224,224,225
      23   00:D141  E0 E0 E0 E0 E0 E0 E0 E0 E0 E0 C0 C1 E0 E0 E0 E0 
      23   00:D151  E0 E0 E0 E0 E0 E0 E0 E0 E0 E0 E0 E0 E0 E0 E0 E1 
      24   00:D161                          db -1,-1,-1,-1,5,6,-1,-1,-1,-1,192,193,-1,-1,-1,-1,-1,-1,5,6,-1,-1,8,9,-1,-1,-1,-1,-1,-1,-1,-1
      24   00:D161  FF FF FF FF 05 06 FF FF FF FF C0 C1 FF FF FF FF 
      24   00:D171  FF FF 05 06 FF FF 08 09 FF FF FF FF FF FF FF FF 
      25   00:D181                          db -1,-1,-1,-1,37,38,-1,-1,-1,-1,192,193,-1,-1,-1,39,-1,-1,37,38,-1,-1,40,41,-1,-1,-1,-1,-1,-1,-1,-1
      25   00:D181  FF FF FF FF 25 26 FF FF FF FF C0 C1 FF FF FF 27 
      25   00:D191  FF FF 25 26 FF FF 28 29 FF FF FF FF FF FF FF FF 
      26   00:D1A1                          db -1,-1,-1,-1,37,38,-1,-1,-1,-1,192,193,-1,-1,-1,-1,-1,-1,37,38,-1,-1,-1,-1,-1,-1,-1,-1,-1,-1,-1,-1
      26   00:D1A1  FF FF FF FF 25 26 FF FF FF FF C0 C1 FF FF FF FF 
      26   00:D1B1  FF FF 25 26 FF FF FF FF FF FF FF FF FF FF FF FF 
      27   00:D1C1                          db -1,3,4,-1,37,38,-1,-1,-1,-1,192,193,-1,-1,-1,-1,-1,-1,37,38,-1,-1,-1,-1,-1,-1,-1,0,1,-1,-1,-1
      27   00:D1C1  FF 03 04 FF 25 26 FF FF FF FF C0 C1 FF FF FF FF 
      27   00:D1D1  FF FF 25 26 FF FF FF FF FF FF FF 00 01 FF FF FF 
      28   00:D1E1                          db -1,35,36,-1,37,38,-1,-1,-1,-1,192,193,-1,-1,-1,-1,-1,-1,37,38,-1,-1,-1,-1,-1,-1,-1,32,33,-1,-1,-1
      28   00:D1E1  FF 23 24 FF 25 26 FF FF FF FF C0 C1 FF FF FF FF 
      28   00:D1F1  FF FF 25 26 FF FF FF FF FF FF FF 20 21 FF FF FF 
      29   00:D201                          db 224,224,224,224,224,224,192,193,224,224,224,224,224,224,224,224,224,224,225,224,224,192,193,224,224,224,224,225,224,224,224,225
      29   00:D201  E0 E0 E0 E0 E0 E0 C0 C1 E0 E0 E0 E0 E0 E0 E0 E0 
      29   00:D211  E0 E0 E1 E0 E0 C0 C1 E0 E0 E0 E0 E1 E0 E0 E0 E1 
      30   00:D221                          db -1,-1,-1,-1,-1,-1,192,193,-1,-1,-1,-1,-1,5,6,-1,-1,8,9,-1,-1,192,193,-1,-1,-1,-1,5,6,-1,-1,-1
      30   00:D221  FF FF FF FF FF FF C0 C1 FF FF FF FF FF 05 06 FF 
      30   00:D231  FF 08 09 FF FF C0 C1 FF FF FF FF 05 06 FF FF FF 
      31   00:D241                          db -1,-1,39,-1,-1,-1,192,193,-1,-1,-1,-1,-1,37,38,-1,-1,40,41,-1,-1,192,193,-1,-1,-1,39,37,38,-1,-1,-1
      31   00:D241  FF FF 27 FF FF FF C0 C1 FF FF FF FF FF 25 26 FF 
      31   00:D251  FF 28 29 FF FF C0 C1 FF FF FF 27 25 26 FF FF FF 
      32   00:D261                          db -1,-1,-1,-1,-1,-1,192,193,-1,-1,-1,-1,-1,37,38,-1,-1,-1,-1,-1,-1,192,193,-1,-1,-1,-1,37,38,-1,-1,-1
      32   00:D261  FF FF FF FF FF FF C0 C1 FF FF FF FF FF 25 26 FF 
      32   00:D271  FF FF FF FF FF C0 C1 FF FF FF FF 25 26 FF FF FF 
      33   00:D281                          db -1,-1,-1,-1,-1,-1,192,193,-1,-1,-1,0,1,37,38,-1,-1,-1,-1,-1,-1,192,193,-1,-1,-1,-1,37,38,-1,3,4
      33   00:D281  FF FF FF FF FF FF C0 C1 FF FF FF 00 01 25 26 FF 
      33   00:D291  FF FF FF FF FF C0 C1 FF FF FF FF 25 26 FF 03 04 
      34   00:D2A1                          db -1,-1,-1,-1,-1,-1,192,193,-1,-1,-1,32,33,37,38,-1,-1,-1,-1,-1,-1,192,193,-1,-1,-1,-1,37,38,-1,35,36
      34   00:D2A1  FF FF FF FF FF FF C0 C1 FF FF FF 20 21 25 26 FF 
      34   00:D2B1  FF FF FF FF FF C0 C1 FF FF FF FF 25 26 FF 23 24 
      35   00:D2C1                          db 224,224,224,224,224,224,224,224,224,224,224,224,224,224,224,224,224,224,224,224,224,224,224,224,224,224,224,224,224,224,224,225
      35   00:D2C1  E0 E0 E0 E0 E0 E0 E0 E0 E0 E0 E0 E0 E0 E0 E0 E0 
      35   00:D2D1  E0 E0 E0 E0 E0 E0 E0 E0 E0 E0 E0 E0 E0 E0 E0 E1 
      36   00:D2E1                      
      37   00:D2E1                              
      38   00:D2E1                      
      39   00:D2E1                      
      40   00:D2E1                      FINAL:

    LABELS
-------------------------------------------------
00:0000D000   INICIO
00:0000D001 X level0
00:0000D2E1   FINAL


 Output: src/world0.out
-------------------------------------------------

 Page: 00
  Org: 0000D000  Size: *  Used: 00000000

    No output

 Output: world0.bin
-------------------------------------------------

 Page: 00
  Org: 0000D000  Size: *  Used: 000002E8

   Address   Length Align   Label
   0000D000     744         INICIO
